-- Found behaviortree_ros2: 0.2.0 (/home/benjamin/BT_ws/install/behaviortree_ros2/share/behaviortree_ros2/cmake)
-- Found rosidl_generator_c: 3.1.5 (/home/benjamin/ros2_humble/install/rosidl_generator_c/share/rosidl_generator_c/cmake)
-- Found rosidl_adapter: 3.1.5 (/home/benjamin/ros2_humble/install/rosidl_adapter/share/rosidl_adapter/cmake)
-- Found rosidl_generator_cpp: 3.1.5 (/home/benjamin/ros2_humble/install/rosidl_generator_cpp/share/rosidl_generator_cpp/cmake)
-- Using all available rosidl_typesupport_c: rosidl_typesupport_introspection_c;rosidl_typesupport_fastrtps_c
-- Using all available rosidl_typesupport_cpp: rosidl_typesupport_introspection_cpp;rosidl_typesupport_fastrtps_cpp
-- Found rmw_implementation_cmake: 6.1.1 (/home/benjamin/ros2_humble/install/rmw_implementation_cmake/share/rmw_implementation_cmake/cmake)
-- Found rmw_fastrtps_cpp: 6.2.5 (/home/benjamin/ros2_humble/install/rmw_fastrtps_cpp/share/rmw_fastrtps_cpp/cmake)
-- Using RMW implementation 'rmw_fastrtps_cpp' as default
-- Found control_msgs: 4.4.0 (/home/benjamin/ros2_ws/install/control_msgs/share/control_msgs/cmake)
-- Found moveit_msgs: 2.2.1 (/opt/ros/humble/share/moveit_msgs/cmake)
-- Configuring done
-- Generating done
-- Build files have been written to: /home/benjamin/BT_ws/build/simple_bt
[35m[1mConsolidate compiler generated dependencies of target bt_ros2[0m
[ 50%] [32mBuilding CXX object CMakeFiles/read_topic.dir/src/read_topic.cpp.o[0m
[ 50%] [32mBuilding CXX object CMakeFiles/bt_ros2.dir/src/bt_ros2.cpp.o[0m
[01m[K/home/benjamin/BT_ws/src/simple_bt/src/read_topic.cpp:[m[K In function â€˜[01m[Kint main(int, char**)[m[Kâ€™:
[01m[K/home/benjamin/BT_ws/src/simple_bt/src/read_topic.cpp:73:18:[m[K [01;31m[Kerror: [m[Kno matching function for call to â€˜[01m[KBT::Tree::tickRoot()[m[Kâ€™
   73 |     [01;31m[Ktree.tickRoot()[m[K;
      |     [01;31m[K~~~~~~~~~~~~~^~[m[K
In file included from [01m[K/home/benjamin/BT_ws/install/behaviortree_ros2/include/behaviortree_ros2/bt_action_node.hpp:23[m[K,
                 from [01m[K/home/benjamin/BT_ws/src/simple_bt/src/read_topic.cpp:1[m[K:
[01m[K/opt/ros/humble/include/behaviortree_cpp/bt_factory.h:191:14:[m[K [01;36m[Knote: [m[Kcandidate: â€˜[01m[KBT::NodeStatus BT::Tree::tickRoot(BT::Tree::TickOption, std::chrono::milliseconds)[m[Kâ€™
  191 |   NodeStatus [01;36m[KtickRoot[m[K(TickOption opt, std::chrono::milliseconds sleep_time);
      |              [01;36m[K^~~~~~~~[m[K
[01m[K/opt/ros/humble/include/behaviortree_cpp/bt_factory.h:191:14:[m[K [01;36m[Knote: [m[K  candidate expects 2 arguments, 0 provided
[ 75%] [32m[1mLinking CXX executable bt_ros2[0m
gmake[2]: *** [CMakeFiles/read_topic.dir/build.make:76: CMakeFiles/read_topic.dir/src/read_topic.cpp.o] Error 1
gmake[1]: *** [CMakeFiles/Makefile2:165: CMakeFiles/read_topic.dir/all] Error 2
gmake[1]: *** Waiting for unfinished jobs....
[ 75%] Built target bt_ros2
gmake: *** [Makefile:146: all] Error 2
