-- Found behaviortree_ros2: 0.2.0 (/home/benjamin/BT_ws/install/behaviortree_ros2/share/behaviortree_ros2/cmake)
-- Found Python3: /usr/bin/python3.10 (found version "3.10.12") found components: Interpreter 
-- Found rosidl_generator_c: 3.1.5 (/home/benjamin/ros2_humble/install/rosidl_generator_c/share/rosidl_generator_c/cmake)
-- Found rosidl_adapter: 3.1.5 (/home/benjamin/ros2_humble/install/rosidl_adapter/share/rosidl_adapter/cmake)
-- Found rosidl_generator_cpp: 3.1.5 (/home/benjamin/ros2_humble/install/rosidl_generator_cpp/share/rosidl_generator_cpp/cmake)
-- Using all available rosidl_typesupport_c: rosidl_typesupport_introspection_c;rosidl_typesupport_fastrtps_c
-- Using all available rosidl_typesupport_cpp: rosidl_typesupport_introspection_cpp;rosidl_typesupport_fastrtps_cpp
-- Found rmw_implementation_cmake: 6.1.1 (/home/benjamin/ros2_humble/install/rmw_implementation_cmake/share/rmw_implementation_cmake/cmake)
-- Found rmw_fastrtps_cpp: 6.2.5 (/home/benjamin/ros2_humble/install/rmw_fastrtps_cpp/share/rmw_fastrtps_cpp/cmake)
-- Found OpenSSL: /usr/lib/x86_64-linux-gnu/libcrypto.so (found version "3.0.2")  
-- Found FastRTPS: /home/benjamin/ros2_humble/install/fastrtps/include  
-- Using RMW implementation 'rmw_fastrtps_cpp' as default
-- Configuring done
-- Generating done
-- Build files have been written to: /home/benjamin/BT_ws/build/simple_bt
[35m[1mConsolidate compiler generated dependencies of target simple_bt[0m
[ 33%] [32mBuilding CXX object CMakeFiles/simple_bt.dir/bt_ros2.cpp.o[0m
[01m[K/home/benjamin/BT_ws/src/simple_bt/bt_ros2.cpp:1:10:[m[K [01;31m[Kfatal error: [m[Kbehaviortree_ros2/bt_action_node.hpp: No such file or directory
    1 | #include [01;31m[K<behaviortree_ros2/bt_action_node.hpp>[m[K
      |          [01;31m[K^~~~~~~~~~~~~~~~~~~~~~~~~~~~~~~~~~~~~~[m[K
compilation terminated.
gmake[2]: *** [CMakeFiles/simple_bt.dir/build.make:90: CMakeFiles/simple_bt.dir/bt_ros2.cpp.o] Error 1
gmake[1]: *** [CMakeFiles/Makefile2:137: CMakeFiles/simple_bt.dir/all] Error 2
gmake: *** [Makefile:91: all] Error 2
