[01m[K/home/benjamin/BT_ws/src/simple_bt/src/bt_ros2.cpp:[m[K In member function â€˜[01m[Kvirtual bool ExecuteTrajectoryAction::setGoal(moveit_msgs::action::ExecuteTrajectory::Goal&)[m[Kâ€™:
[01m[K/home/benjamin/BT_ws/src/simple_bt/src/bt_ros2.cpp:27:21:[m[K [01;31m[Kerror: [m[Kâ€˜[01m[Kusing _trajectory_type = struct moveit_msgs::msg::RobotTrajectory_<std::allocator<void> >[m[Kâ€™ {aka â€˜[01m[Kstruct moveit_msgs::msg::RobotTrajectory_<std::allocator<void> >[m[Kâ€™} has no member named â€˜[01m[Kjoint_names[m[Kâ€™
   27 |     goal.trajectory.[01;31m[Kjoint_names[m[K = {
      |                     [01;31m[K^~~~~~~~~~~[m[K
[01m[K/home/benjamin/BT_ws/src/simple_bt/src/bt_ros2.cpp:33:21:[m[K [01;31m[Kerror: [m[Kâ€˜[01m[Kusing _trajectory_type = struct moveit_msgs::msg::RobotTrajectory_<std::allocator<void> >[m[Kâ€™ {aka â€˜[01m[Kstruct moveit_msgs::msg::RobotTrajectory_<std::allocator<void> >[m[Kâ€™} has no member named â€˜[01m[Kpoints[m[Kâ€™
   33 |     goal.trajectory.[01;31m[Kpoints[m[K.push_back(point);
      |                     [01;31m[K^~~~~~[m[K
gmake[2]: *** [CMakeFiles/bt_ros2.dir/build.make:76: CMakeFiles/bt_ros2.dir/src/bt_ros2.cpp.o] Error 1
gmake[1]: *** [CMakeFiles/Makefile2:137: CMakeFiles/bt_ros2.dir/all] Error 2
gmake: *** [Makefile:146: all] Error 2
