[01m[K/home/benjamin/BT_ws/src/simple_bt/src/bt_ros2.cpp:3:10:[m[K [01;31m[Kfatal error: [m[Kcontrol_msgs/action/follow_joint_trajectory.hpp: No such file or directory
    3 | #include [01;31m[K<control_msgs/action/follow_joint_trajectory.hpp>[m[K  // Replace with the correct action type
      |          [01;31m[K^~~~~~~~~~~~~~~~~~~~~~~~~~~~~~~~~~~~~~~~~~~~~~~~~[m[K
compilation terminated.
gmake[2]: *** [CMakeFiles/bt_ros2.dir/build.make:76: CMakeFiles/bt_ros2.dir/src/bt_ros2.cpp.o] Error 1
gmake[1]: *** [CMakeFiles/Makefile2:137: CMakeFiles/bt_ros2.dir/all] Error 2
gmake: *** [Makefile:146: all] Error 2
